\BOOKMARK [0][-]{chapter.1}{\376\377\000I\000n\000t\000r\000o\000d\000u\000c\000t\000i\000o\000n}{}% 1
\BOOKMARK [0][-]{chapter.2}{\376\377\000E\000l\000e\000c\000t\000r\000o\000w\000e\000a\000k\000\040\000t\000h\000e\000o\000r\000y\000\040\000i\000n\000\040\000t\000h\000e\000\040\000S\000t\000a\000n\000d\000a\000r\000d\000\040\000M\000o\000d\000e\000l\000\040\000o\000f\000\040\000p\000a\000r\000t\000i\000c\000l\000e\000s}{}% 2
\BOOKMARK [1][-]{section.2.1}{\376\377\000I\000n\000t\000r\000o\000d\000u\000c\000t\000i\000o\000n}{chapter.2}% 3
\BOOKMARK [1][-]{section.2.2}{\376\377\000S\000y\000m\000m\000e\000t\000r\000i\000e\000s\000\040\000a\000n\000d\000\040\000f\000e\000r\000m\000i\000o\000n\000\040\000c\000o\000n\000t\000e\000n\000t}{chapter.2}% 4
\BOOKMARK [2][-]{subsection.2.2.1}{\376\377\000N\000e\000u\000t\000r\000i\000n\000o\000s}{section.2.2}% 5
\BOOKMARK [2][-]{subsection.2.2.2}{\376\377\000W\000e\000a\000k\000\040\000N\000u\000c\000l\000e\000a\000r\000\040\000F\000o\000r\000c\000e}{section.2.2}% 6
\BOOKMARK [1][-]{section.2.3}{\376\377\000M\000a\000s\000s\000i\000v\000e\000\040\000a\000n\000d\000\040\000M\000a\000s\000s\000l\000e\000s\000s\000\040\000M\000e\000d\000i\000a\000t\000o\000r\000s}{chapter.2}% 7
\BOOKMARK [1][-]{section.2.4}{\376\377\000E\000l\000e\000c\000t\000r\000o\000w\000e\000a\000k\000\040\000m\000i\000x\000i\000n\000g\000\040\0002\000\040\000W}{chapter.2}% 8
\BOOKMARK [0][-]{chapter.3}{\376\377\000R\000a\000d\000i\000a\000t\000i\000v\000e\000\040\000C\000o\000r\000r\000e\000c\000t\000i\000o\000n\000s\000\040\000a\000n\000d\000\040\000N\000e\000u\000t\000r\000i\000n\000o\000\040\000C\000h\000a\000r\000g\000e\000\040\000R\000a\000d\000i\000u\000s}{}% 9
\BOOKMARK [1][-]{section.3.1}{\376\377\000I\000n\000t\000r\000o\000d\000u\000c\000t\000i\000o\000n}{chapter.3}% 10
\BOOKMARK [1][-]{section.3.2}{\376\377\000N\000e\000u\000t\000r\000i\000n\000o\000\040\000C\000h\000a\000r\000g\000e\000\040\000R\000a\000d\000i\000u\000s}{chapter.3}% 11
\BOOKMARK [1][-]{section.3.3}{\376\377\000O\000n\000e\000-\000l\000o\000o\000p\000\040\000C\000o\000r\000r\000e\000c\000t\000i\000o\000n\000s\000\040\000t\000o\000\040\000t\000h\000e\000\040\000\040\000v\000e\000r\000t\000e\000x}{chapter.3}% 12
\BOOKMARK [1][-]{section.3.4}{\376\377\000N\000C\000R\000\040\000a\000s\000\040\000a\000\040\000r\000a\000d\000i\000a\000t\000i\000v\000e\000\040\000c\000o\000r\000r\000e\000c\000t\000i\000o\000n\000\040\000o\000f\000\040\000E\000l\000e\000c\000t\000r\000o\000w\000e\000a\000k\000\040\000M\000i\000x\000i\000n\000g}{chapter.3}% 13
\BOOKMARK [0][-]{chapter.4}{\376\377\000C\000o\000h\000e\000r\000e\000n\000t\000\040\000E\000l\000a\000s\000t\000i\000c\000\040\000N\000e\000u\000t\000r\000i\000n\000o\000-\000N\000u\000c\000l\000e\000u\000s\000\040\000S\000c\000a\000t\000t\000e\000r\000i\000n\000g}{}% 14
\BOOKMARK [1][-]{section.4.1}{\376\377\000I\000n\000t\000r\000o\000d\000u\000c\000t\000i\000o\000n}{chapter.4}% 15
\BOOKMARK [1][-]{section.4.2}{\376\377\000C\000r\000o\000s\000s\000\040\000S\000e\000c\000t\000i\000o\000n}{chapter.4}% 16
\BOOKMARK [1][-]{section.4.3}{\376\377\000E\000x\000p\000e\000r\000i\000m\000e\000n\000t\000s}{chapter.4}% 17
\BOOKMARK [1][-]{section.4.4}{\376\377\000Q\000u\000e\000n\000c\000h\000i\000n\000g\000\040\000F\000a\000c\000t\000o\000r\000s}{chapter.4}% 18
\BOOKMARK [1][-]{section.4.5}{\376\377\000N\000e\000u\000t\000r\000i\000n\000o\000\040\000S\000o\000u\000r\000c\000e\000s}{chapter.4}% 19
\BOOKMARK [1][-]{section.4.6}{\376\377\000F\000o\000r\000m\000\040\000F\000a\000c\000t\000o\000r\000s}{chapter.4}% 20
\BOOKMARK [0][-]{chapter.5}{\376\377\000S\000B\000C\000-\000I\000N\000I\000N\000-\000L\000A\000r}{}% 21
\BOOKMARK [1][-]{section.5.1}{\376\377\000R\000e\000s\000u\000l\000t\000s}{chapter.5}% 22
\BOOKMARK [0][-]{chapter.6}{\376\377\000S\000u\000m\000m\000a\000r\000y\000\040\000a\000n\000d\000\040\000c\000o\000n\000c\000l\000u\000s\000i\000o\000n\000s}{}% 23
\BOOKMARK [0][-]{chapter*.6}{\376\377\000B\000i\000b\000l\000i\000o\000g\000r\000a\000p\000h\000y}{}% 24
